<?xml version="1.0" encoding="UTF-8"?>
<testng-results ignored="0" total="1" passed="1" failed="0" skipped="0">
  <reporter-output>
  </reporter-output>
  <suite started-at="2018-07-29T16:37:14Z" name="Default suite" finished-at="2018-07-29T16:37:23Z" duration-ms="8477">
    <groups>
    </groups>
    <test started-at="2018-07-29T16:37:14Z" name="Default test" finished-at="2018-07-29T16:37:23Z" duration-ms="8477">
      <class name="practicStatement.EshopperClass">
        <test-method signature="loopOnMenuAndSubMenu()[pri:0, instance:practicStatement.EshopperClass@63a12c68]" started-at="2018-07-29T16:37:14Z" name="loopOnMenuAndSubMenu" finished-at="2018-07-29T16:37:23Z" duration-ms="8450" status="PASS">
          <reporter-output>
          </reporter-output>
        </test-method> <!-- loopOnMenuAndSubMenu -->
      </class> <!-- practicStatement.EshopperClass -->
    </test> <!-- Default test -->
  </suite> <!-- Default suite -->
</testng-results>
