<?xml version="1.0" encoding="UTF-8"?>
<!-- Generated by org.testng.reporters.JUnitXMLReporter -->
<testsuite ignored="0" hostname="HIMESH-PC" failures="0" tests="6" name="SanityTests" time="0.056" errors="0" timestamp="27 May 2018 18:57:40 GMT">
  <testcase classname="practicStatement.NewTest20" name="addVendor" time="0.007"/>
  <testcase classname="practicStatement.NewTest21" name="deleteVendor" time="0.002"/>
  <testcase classname="practicStatement.NewTest20" name="addProduct" time="0.003"/>
  <testcase classname="practicStatement.NewTest21" name="deleteProduct" time="0.002"/>
  <testcase classname="practicStatement.NewTest20" name="addCurrency" time="0.001"/>
  <testcase classname="practicStatement.NewTest21" name="deleteCurrency" time="0.001"/>
</testsuite> <!-- SanityTests -->
